2019-06-07 15:11:08.589  INFO 51328 --- [main] c.c.august.registry.RegistryApplication  : No active profile set, falling back to default profiles: default
2019-06-07 15:11:13.718  WARN 51328 --- [main] o.s.boot.actuate.endpoint.EndpointId     : Endpoint ID 'service-registry' contains invalid characters, please migrate to a valid format.
2019-06-07 15:11:14.459  INFO 51328 --- [main] o.s.cloud.context.scope.GenericScope     : BeanFactory id=7febcfa6-02e7-36e0-a7d4-4bf44c76084b
2019-06-07 15:11:14.537  INFO 51328 --- [main] trationDelegate$BeanPostProcessorChecker : Bean 'org.springframework.cloud.autoconfigure.ConfigurationPropertiesRebinderAutoConfiguration' of type [org.springframework.cloud.autoconfigure.ConfigurationPropertiesRebinderAutoConfiguration$$EnhancerBySpringCGLIB$$36402882] is not eligible for getting processed by all BeanPostProcessors (for example: not eligible for auto-proxying)
2019-06-07 15:11:15.908 ERROR 51328 --- [main] o.a.catalina.core.AprLifecycleListener   : An incompatible version [1.2.10] of the APR based Apache Tomcat Native library is installed, while Tomcat requires version [1.2.14]
2019-06-07 15:11:16.360  INFO 51328 --- [main] o.s.b.w.embedded.tomcat.TomcatWebServer  : Tomcat initialized with port(s): 5555 (http)
2019-06-07 15:11:16.377 ERROR 51328 --- [main] o.a.catalina.core.AprLifecycleListener   : An incompatible version [1.2.10] of the APR based Apache Tomcat Native library is installed, while Tomcat requires version [1.2.14]
2019-06-07 15:11:16.389  INFO 51328 --- [main] o.apache.catalina.core.StandardService   : Starting service [Tomcat]
2019-06-07 15:11:16.389  INFO 51328 --- [main] org.apache.catalina.core.StandardEngine  : Starting Servlet engine: [Apache Tomcat/9.0.16]
2019-06-07 15:11:16.396 ERROR 51328 --- [main] o.a.catalina.core.AprLifecycleListener   : An incompatible version [1.2.10] of the APR based Apache Tomcat Native library is installed, while Tomcat requires version [1.2.14]
2019-06-07 15:11:16.613  INFO 51328 --- [main] o.a.c.c.C.[Tomcat].[localhost].[/]       : Initializing Spring embedded WebApplicationContext
2019-06-07 15:11:16.614  INFO 51328 --- [main] o.s.web.context.ContextLoader            : Root WebApplicationContext: initialization completed in 7039 ms
2019-06-07 15:11:16.856  WARN 51328 --- [main] c.n.c.sources.URLConfigurationSource     : No URLs will be polled as dynamic configuration sources.
2019-06-07 15:11:16.856  INFO 51328 --- [main] c.n.c.sources.URLConfigurationSource     : To enable URLs as dynamic configuration sources, define System property archaius.configurationSource.additionalUrls or make config.properties available on classpath.
2019-06-07 15:11:16.868  INFO 51328 --- [main] c.netflix.config.DynamicPropertyFactory  : DynamicPropertyFactory is initialized with configuration sources: com.netflix.config.ConcurrentCompositeConfiguration@7d9ba6c
2019-06-07 15:11:18.243  INFO 51328 --- [main] c.s.j.s.i.a.WebApplicationImpl           : Initiating Jersey application, version 'Jersey: 1.19.1 03/11/2016 02:08 PM'
2019-06-07 15:11:18.370  INFO 51328 --- [main] c.n.d.provider.DiscoveryJerseyProvider   : Using JSON encoding codec LegacyJacksonJson
2019-06-07 15:11:18.373  INFO 51328 --- [main] c.n.d.provider.DiscoveryJerseyProvider   : Using JSON decoding codec LegacyJacksonJson
2019-06-07 15:11:18.691  INFO 51328 --- [main] c.n.d.provider.DiscoveryJerseyProvider   : Using XML encoding codec XStreamXml
2019-06-07 15:11:18.691  INFO 51328 --- [main] c.n.d.provider.DiscoveryJerseyProvider   : Using XML decoding codec XStreamXml
2019-06-07 15:11:19.396  WARN 51328 --- [main] c.n.c.sources.URLConfigurationSource     : No URLs will be polled as dynamic configuration sources.
2019-06-07 15:11:19.396  INFO 51328 --- [main] c.n.c.sources.URLConfigurationSource     : To enable URLs as dynamic configuration sources, define System property archaius.configurationSource.additionalUrls or make config.properties available on classpath.
2019-06-07 15:11:19.846  INFO 51328 --- [main] o.s.s.concurrent.ThreadPoolTaskExecutor  : Initializing ExecutorService 'applicationTaskExecutor'
2019-06-07 15:11:21.925  INFO 51328 --- [main] o.s.cloud.commons.util.InetUtils         : Cannot determine local hostname
2019-06-07 15:11:24.732  INFO 51328 --- [main] o.s.cloud.commons.util.InetUtils         : Cannot determine local hostname
2019-06-07 15:11:25.437  INFO 51328 --- [main] o.s.c.n.eureka.InstanceInfoFactory       : Setting initial instance status as: STARTING
2019-06-07 15:11:25.785  INFO 51328 --- [main] com.netflix.discovery.DiscoveryClient    : Initializing Eureka in region us-east-1
2019-06-07 15:11:25.786  INFO 51328 --- [main] com.netflix.discovery.DiscoveryClient    : Client configured to neither register nor query for data.
2019-06-07 15:11:26.088  INFO 51328 --- [main] com.netflix.discovery.DiscoveryClient    : Discovery Client initialized at timestamp 1559891486023 with initial instances count: 0
2019-06-07 15:11:26.360  INFO 51328 --- [main] c.n.eureka.DefaultEurekaServerContext    : Initializing ...
2019-06-07 15:11:26.363  INFO 51328 --- [main] c.n.eureka.cluster.PeerEurekaNodes       : Adding new peer nodes [http://192.168.39.66:5555/eureka/]
2019-06-07 15:11:27.213  INFO 51328 --- [main] c.n.d.provider.DiscoveryJerseyProvider   : Using JSON encoding codec LegacyJacksonJson
2019-06-07 15:11:27.214  INFO 51328 --- [main] c.n.d.provider.DiscoveryJerseyProvider   : Using JSON decoding codec LegacyJacksonJson
2019-06-07 15:11:27.214  INFO 51328 --- [main] c.n.d.provider.DiscoveryJerseyProvider   : Using XML encoding codec XStreamXml
2019-06-07 15:11:27.214  INFO 51328 --- [main] c.n.d.provider.DiscoveryJerseyProvider   : Using XML decoding codec XStreamXml
2019-06-07 15:11:27.317  INFO 51328 --- [main] c.n.eureka.cluster.PeerEurekaNodes       : Replica node URL:  http://192.168.39.66:5555/eureka/
2019-06-07 15:11:27.326  INFO 51328 --- [main] c.n.e.registry.AbstractInstanceRegistry  : Finished initializing remote region registries. All known remote regions: []
2019-06-07 15:11:27.327  INFO 51328 --- [main] c.n.eureka.DefaultEurekaServerContext    : Initialized
2019-06-07 15:11:27.781 ERROR 51328 --- [main] o.a.catalina.core.AprLifecycleListener   : An incompatible version [1.2.10] of the APR based Apache Tomcat Native library is installed, while Tomcat requires version [1.2.14]
2019-06-07 15:11:27.786  INFO 51328 --- [main] o.s.b.w.embedded.tomcat.TomcatWebServer  : Tomcat initialized with port(s): 15555 (http)
2019-06-07 15:11:27.787 ERROR 51328 --- [main] o.a.catalina.core.AprLifecycleListener   : An incompatible version [1.2.10] of the APR based Apache Tomcat Native library is installed, while Tomcat requires version [1.2.14]
2019-06-07 15:11:27.787  INFO 51328 --- [main] o.apache.catalina.core.StandardService   : Starting service [Tomcat]
2019-06-07 15:11:27.788  INFO 51328 --- [main] org.apache.catalina.core.StandardEngine  : Starting Servlet engine: [Apache Tomcat/9.0.16]
2019-06-07 15:11:27.788 ERROR 51328 --- [main] o.a.catalina.core.AprLifecycleListener   : An incompatible version [1.2.10] of the APR based Apache Tomcat Native library is installed, while Tomcat requires version [1.2.14]
2019-06-07 15:11:27.921  INFO 51328 --- [main] o.a.c.c.C.[Tomcat-1].[localhost].[/]     : Initializing Spring embedded WebApplicationContext
2019-06-07 15:11:27.921  INFO 51328 --- [main] o.s.web.context.ContextLoader            : Root WebApplicationContext: initialization completed in 497 ms
2019-06-07 15:11:27.941  INFO 51328 --- [main] o.s.b.a.e.web.EndpointLinksResolver      : Exposing 20 endpoint(s) beneath base path '/actuator'
2019-06-07 15:11:28.545  INFO 51328 --- [main] o.s.b.w.embedded.tomcat.TomcatWebServer  : Tomcat started on port(s): 15555 (http) with context path ''
2019-06-07 15:11:28.546  INFO 51328 --- [main] .s.c.n.e.s.EurekaAutoServiceRegistration : Updating port to 15555
2019-06-07 15:11:28.549  INFO 51328 --- [main] o.s.c.n.e.s.EurekaServiceRegistry        : Registering application REGISTRY with eureka with status UP
2019-06-07 15:11:28.588  INFO 51328 --- [Thread-17] o.s.c.n.e.server.EurekaServerBootstrap   : Setting the eureka configuration..
2019-06-07 15:11:28.590  INFO 51328 --- [Thread-17] o.s.c.n.e.server.EurekaServerBootstrap   : Eureka data center value eureka.datacenter is not set, defaulting to default
2019-06-07 15:11:28.591  INFO 51328 --- [Thread-17] o.s.c.n.e.server.EurekaServerBootstrap   : Eureka environment value eureka.environment is not set, defaulting to test
2019-06-07 15:11:28.604  INFO 51328 --- [Thread-17] o.s.c.n.e.server.EurekaServerBootstrap   : isAws returned false
2019-06-07 15:11:28.604  INFO 51328 --- [Thread-17] o.s.c.n.e.server.EurekaServerBootstrap   : Initialized server context
2019-06-07 15:11:28.604  INFO 51328 --- [Thread-17] c.n.e.r.PeerAwareInstanceRegistryImpl    : Got 1 instances from neighboring DS node
2019-06-07 15:11:28.604  INFO 51328 --- [Thread-17] c.n.e.r.PeerAwareInstanceRegistryImpl    : Renew threshold is: 1
2019-06-07 15:11:28.604  INFO 51328 --- [Thread-17] c.n.e.r.PeerAwareInstanceRegistryImpl    : Changing status to UP
2019-06-07 15:11:28.606  INFO 51328 --- [main] o.s.b.w.embedded.tomcat.TomcatWebServer  : Tomcat started on port(s): 5555 (http) with context path ''
2019-06-07 15:11:28.607  INFO 51328 --- [main] c.c.august.registry.RegistryApplication  : Started RegistryApplication in 26.464 seconds (JVM running for 39.362)
2019-06-07 15:11:28.611  INFO 51328 --- [Thread-17] e.s.EurekaServerInitializerConfiguration : Started Eureka Server
2019-06-07 15:11:58.607  INFO 51328 --- [Eureka-EvictionTimer] c.n.e.registry.AbstractInstanceRegistry  : Running the evict task with compensationTime 0ms
2019-06-07 15:12:28.606  INFO 51328 --- [Eureka-EvictionTimer] c.n.e.registry.AbstractInstanceRegistry  : Running the evict task with compensationTime 0ms
2019-06-07 15:12:58.606  INFO 51328 --- [Eureka-EvictionTimer] c.n.e.registry.AbstractInstanceRegistry  : Running the evict task with compensationTime 0ms
2019-06-07 15:13:22.059  INFO 51328 --- [RMI TCP Connection(15)-127.0.0.1] inMXBeanRegistrar$SpringApplicationAdmin : Application shutdown requested.
2019-06-07 15:13:22.078  INFO 51328 --- [RMI TCP Connection(15)-127.0.0.1] o.s.c.n.e.s.EurekaServiceRegistry        : Unregistering application REGISTRY with eureka with status DOWN
2019-06-07 15:13:22.518  INFO 51328 --- [RMI TCP Connection(15)-127.0.0.1] o.apache.catalina.core.StandardService   : Stopping service [Tomcat]
2019-06-07 15:13:22.740  INFO 51328 --- [RMI TCP Connection(15)-127.0.0.1] c.n.eureka.DefaultEurekaServerContext    : Shutting down ...
2019-06-07 15:13:22.746  INFO 51328 --- [RMI TCP Connection(15)-127.0.0.1] c.n.eureka.DefaultEurekaServerContext    : Shut down
2019-06-07 15:13:22.750  INFO 51328 --- [RMI TCP Connection(15)-127.0.0.1] o.s.s.concurrent.ThreadPoolTaskExecutor  : Shutting down ExecutorService 'applicationTaskExecutor'
2019-06-07 15:13:22.757  INFO 51328 --- [RMI TCP Connection(15)-127.0.0.1] com.netflix.discovery.DiscoveryClient    : Shutting down DiscoveryClient ...
2019-06-07 15:13:22.757  INFO 51328 --- [RMI TCP Connection(15)-127.0.0.1] com.netflix.discovery.DiscoveryClient    : Completed shut down of DiscoveryClient
2019-06-07 15:13:23.170  INFO 51328 --- [RMI TCP Connection(15)-127.0.0.1] o.apache.catalina.core.StandardService   : Stopping service [Tomcat]
